 Container geolens-seeder-run-9844a3950c29 Creating 
 Container geolens-seeder-run-9844a3950c29 Created 
=== GeoLens Thematic Demo Seeder Wrapper ===
Base URL: http://api:8000
Decompressing bundled data files...
Pre-fetching external demo data...
2026-05-08 23:11:36,469 INFO RUN: gdal_translate -of COG -co COMPRESS=DEFLATE -projwin -113.0 37.0 -111.5 36.0 /vsicurl/https://prd-tnm.s3.amazonaws.com/StagedProducts/Elevation/13/TIFF/USGS_Seamless_DEM_13.vrt /scripts/demo/raw/external/grand_canyon_dem.tif.partial
Input file size is 3888006, 939612
0...10...20...30...40...50...60...70...80...90...100 - done.
2026-05-08 23:15:42,827 INFO RUN: gdaldem hillshade -z 1.5 -s 111120 -multidirectional -of COG -co COMPRESS=DEFLATE /scripts/demo/raw/external/grand_canyon_dem.tif /scripts/demo/raw/external/grand_canyon_hillshade.tif.partial
0...10...20...30...40...50...60...70...80...90...100 - done.
2026-05-08 23:15:50,867 INFO Fetching NYC building footprints (Manhattan+Brooklyn waterfront)...
2026-05-08 23:15:52,474 INFO HTTP Request: GET https://data.cityofnewyork.us/resource/5zhs-2jue.geojson?$where=within_box(the_geom,40.80,-74.05,40.68,-73.90)&$limit=50000 "HTTP/1.1 200 OK"
2026-05-08 23:16:23,251 INFO   50000 buildings
2026-05-08 23:16:23,251 INFO Fetching tabular PLUTO (MN+BK)...
2026-05-08 23:16:23,743 INFO HTTP Request: GET https://data.cityofnewyork.us/resource/64uk-42ks.json?$select=bbl,landuse,zonedist1,numfloors&$where=borough%20IN%20('MN','BK')&$limit=50000 "HTTP/1.1 200 OK"
2026-05-08 23:16:24,550 INFO   50000 PLUTO rows
2026-05-08 23:16:25,027 INFO Wrote nyc_pluto_zoning.geojson with 50000 features
2026-05-08 23:16:25,050 INFO Downloading TIGER cb_2024_us_tract_500k.zip (~58 MB)...
2026-05-08 23:16:25,514 INFO HTTP Request: GET https://www2.census.gov/geo/tiger/GENZ2024/shp/cb_2024_us_tract_500k.zip "HTTP/1.1 200 OK"
2026-05-08 23:16:27,274 INFO RUN: ogr2ogr -f GeoJSON -where STATEFP IN ('06','48','36','12') -t_srs EPSG:4326 /scripts/demo/raw/external/tracts_4state.geojson.partial /vsizip//scripts/demo/raw/external/cb_2024_us_tract_500k.zip
2026-05-08 23:16:29,508 INFO Fetching ACS 2023 5-year (B01003 pop, B19013 MHI) for CA+TX+NY+FL...
2026-05-08 23:16:30,708 INFO HTTP Request: GET https://api.census.gov/data/2023/acs/acs5?get=NAME,B01003_001E,B19013_001E&for=tract:*&in=state:06,48,36,12 "HTTP/1.1 200 "
2026-05-08 23:16:32,608 INFO ACS dict built: 26581 tracts
2026-05-08 23:16:33,331 INFO Wrote pop_density_tracts.geojson with 26509 features (26304 with computed density)
2026-05-08 23:16:33,361 INFO Fetching USGS FDSN earthquakes M5+ 2021-05-08 -> 2026-05-08...
2026-05-08 23:16:35,817 INFO HTTP Request: GET https://earthquake.usgs.gov/fdsnws/event/1/query?format=geojson&minmagnitude=5&starttime=2021-05-08&endtime=2026-05-08 "HTTP/1.1 200 OK"
2026-05-08 23:16:36,117 INFO Wrote usgs_quakes_m5.geojson with 9054 features
2026-05-08 23:16:36,119 INFO NIFC page 0 (offset=0)...
2026-05-08 23:16:39,949 INFO HTTP Request: GET https://services3.arcgis.com/T4QMspbfLg3qTGWY/arcgis/rest/services/WFIGS_Interagency_Perimeters/FeatureServer/0/query?where=attr_FireDiscoveryDateTime+%3E%3D+timestamp+%272020-01-01+00%3A00%3A00%27+AND+attr_FireDiscoveryDateTime+%3C++timestamp+%272025-01-01+00%3A00%3A00%27+AND+attr_POOState+IN+%28%27US-CA%27%2C%27US-OR%27%2C%27US-WA%27%2C%27US-ID%27%2C%27US-NV%27%2C%27US-AZ%27%2C%27US-UT%27%2C%27US-MT%27%2C%27US-CO%27%2C%27US-NM%27%29&outFields=%2A&f=geojson&resultRecordCount=2000&resultOffset=0 "HTTP/1.1 200 OK"
2026-05-08 23:16:40,862 INFO NIFC page 1 (offset=2000)...
2026-05-08 23:16:43,359 INFO HTTP Request: GET https://services3.arcgis.com/T4QMspbfLg3qTGWY/arcgis/rest/services/WFIGS_Interagency_Perimeters/FeatureServer/0/query?where=attr_FireDiscoveryDateTime+%3E%3D+timestamp+%272020-01-01+00%3A00%3A00%27+AND+attr_FireDiscoveryDateTime+%3C++timestamp+%272025-01-01+00%3A00%3A00%27+AND+attr_POOState+IN+%28%27US-CA%27%2C%27US-OR%27%2C%27US-WA%27%2C%27US-ID%27%2C%27US-NV%27%2C%27US-AZ%27%2C%27US-UT%27%2C%27US-MT%27%2C%27US-CO%27%2C%27US-NM%27%29&outFields=%2A&f=geojson&resultRecordCount=2000&resultOffset=2000 "HTTP/1.1 200 OK"
2026-05-08 23:16:43,607 INFO NIFC page 2 (offset=4000)...
2026-05-08 23:16:46,002 INFO HTTP Request: GET https://services3.arcgis.com/T4QMspbfLg3qTGWY/arcgis/rest/services/WFIGS_Interagency_Perimeters/FeatureServer/0/query?where=attr_FireDiscoveryDateTime+%3E%3D+timestamp+%272020-01-01+00%3A00%3A00%27+AND+attr_FireDiscoveryDateTime+%3C++timestamp+%272025-01-01+00%3A00%3A00%27+AND+attr_POOState+IN+%28%27US-CA%27%2C%27US-OR%27%2C%27US-WA%27%2C%27US-ID%27%2C%27US-NV%27%2C%27US-AZ%27%2C%27US-UT%27%2C%27US-MT%27%2C%27US-CO%27%2C%27US-NM%27%29&outFields=%2A&f=geojson&resultRecordCount=2000&resultOffset=4000 "HTTP/1.1 200 OK"
2026-05-08 23:16:46,230 INFO NIFC page 3 (offset=6000)...
2026-05-08 23:17:09,039 INFO HTTP Request: GET https://services3.arcgis.com/T4QMspbfLg3qTGWY/arcgis/rest/services/WFIGS_Interagency_Perimeters/FeatureServer/0/query?where=attr_FireDiscoveryDateTime+%3E%3D+timestamp+%272020-01-01+00%3A00%3A00%27+AND+attr_FireDiscoveryDateTime+%3C++timestamp+%272025-01-01+00%3A00%3A00%27+AND+attr_POOState+IN+%28%27US-CA%27%2C%27US-OR%27%2C%27US-WA%27%2C%27US-ID%27%2C%27US-NV%27%2C%27US-AZ%27%2C%27US-UT%27%2C%27US-MT%27%2C%27US-CO%27%2C%27US-NM%27%29&outFields=%2A&f=geojson&resultRecordCount=2000&resultOffset=6000 "HTTP/1.1 200 OK"
2026-05-08 23:19:00,496 INFO NIFC page 4 (offset=8000)...
2026-05-08 23:19:09,293 INFO HTTP Request: GET https://services3.arcgis.com/T4QMspbfLg3qTGWY/arcgis/rest/services/WFIGS_Interagency_Perimeters/FeatureServer/0/query?where=attr_FireDiscoveryDateTime+%3E%3D+timestamp+%272020-01-01+00%3A00%3A00%27+AND+attr_FireDiscoveryDateTime+%3C++timestamp+%272025-01-01+00%3A00%3A00%27+AND+attr_POOState+IN+%28%27US-CA%27%2C%27US-OR%27%2C%27US-WA%27%2C%27US-ID%27%2C%27US-NV%27%2C%27US-AZ%27%2C%27US-UT%27%2C%27US-MT%27%2C%27US-CO%27%2C%27US-NM%27%29&outFields=%2A&f=geojson&resultRecordCount=2000&resultOffset=8000 "HTTP/1.1 200 OK"
2026-05-08 23:19:28,142 INFO NIFC page 5 (offset=10000)...
2026-05-08 23:19:36,722 INFO HTTP Request: GET https://services3.arcgis.com/T4QMspbfLg3qTGWY/arcgis/rest/services/WFIGS_Interagency_Perimeters/FeatureServer/0/query?where=attr_FireDiscoveryDateTime+%3E%3D+timestamp+%272020-01-01+00%3A00%3A00%27+AND+attr_FireDiscoveryDateTime+%3C++timestamp+%272025-01-01+00%3A00%3A00%27+AND+attr_POOState+IN+%28%27US-CA%27%2C%27US-OR%27%2C%27US-WA%27%2C%27US-ID%27%2C%27US-NV%27%2C%27US-AZ%27%2C%27US-UT%27%2C%27US-MT%27%2C%27US-CO%27%2C%27US-NM%27%29&outFields=%2A&f=geojson&resultRecordCount=2000&resultOffset=10000 "HTTP/1.1 200 OK"
2026-05-08 23:19:45,290 INFO NIFC page 6 (offset=12000)...
2026-05-08 23:19:49,664 INFO HTTP Request: GET https://services3.arcgis.com/T4QMspbfLg3qTGWY/arcgis/rest/services/WFIGS_Interagency_Perimeters/FeatureServer/0/query?where=attr_FireDiscoveryDateTime+%3E%3D+timestamp+%272020-01-01+00%3A00%3A00%27+AND+attr_FireDiscoveryDateTime+%3C++timestamp+%272025-01-01+00%3A00%3A00%27+AND+attr_POOState+IN+%28%27US-CA%27%2C%27US-OR%27%2C%27US-WA%27%2C%27US-ID%27%2C%27US-NV%27%2C%27US-AZ%27%2C%27US-UT%27%2C%27US-MT%27%2C%27US-CO%27%2C%27US-NM%27%29&outFields=%2A&f=geojson&resultRecordCount=2000&resultOffset=12000 "HTTP/1.1 200 OK"
2026-05-08 23:19:59,034 INFO Wrote nifc_fires_2020_2024.geojson with 12429 features
  grand_canyon_dem: ok
  nyc_pluto_zoning: ok
  pop_density_tracts: ok
  usgs_quakes_m5: ok
  nifc_fires_2020_2024: ok
Waiting for API...
API is ready.
Authenticating as admin...
Creating seed API key...
Running scripts/demo/seed-thematic-demo.py...
INFO:httpx:HTTP Request: GET http://api:8000/api/datasets/?limit=200&skip=0 "HTTP/1.1 200 OK"
INFO:httpx:HTTP Request: POST http://api:8000/api/ingest/upload "HTTP/1.1 201 Created"
INFO:httpx:HTTP Request: POST http://api:8000/api/ingest/preview/9d4d46d1-1a06-4c3b-882c-0d26f9865674 "HTTP/1.1 200 OK"
INFO:httpx:HTTP Request: POST http://api:8000/api/ingest/commit/9d4d46d1-1a06-4c3b-882c-0d26f9865674 "HTTP/1.1 202 Accepted"
INFO:httpx:HTTP Request: GET http://api:8000/api/jobs/9d4d46d1-1a06-4c3b-882c-0d26f9865674 "HTTP/1.1 200 OK"
INFO:httpx:HTTP Request: GET http://api:8000/api/jobs/9d4d46d1-1a06-4c3b-882c-0d26f9865674 "HTTP/1.1 200 OK"
INFO:httpx:HTTP Request: GET http://api:8000/api/jobs/9d4d46d1-1a06-4c3b-882c-0d26f9865674 "HTTP/1.1 200 OK"
INFO:httpx:HTTP Request: GET http://api:8000/api/jobs/9d4d46d1-1a06-4c3b-882c-0d26f9865674 "HTTP/1.1 200 OK"
INFO:httpx:HTTP Request: GET http://api:8000/api/jobs/9d4d46d1-1a06-4c3b-882c-0d26f9865674 "HTTP/1.1 200 OK"
INFO:httpx:HTTP Request: GET http://api:8000/api/jobs/9d4d46d1-1a06-4c3b-882c-0d26f9865674 "HTTP/1.1 200 OK"
INFO:httpx:HTTP Request: GET http://api:8000/api/jobs/9d4d46d1-1a06-4c3b-882c-0d26f9865674 "HTTP/1.1 200 OK"
INFO:httpx:HTTP Request: GET http://api:8000/api/jobs/9d4d46d1-1a06-4c3b-882c-0d26f9865674 "HTTP/1.1 200 OK"
INFO:httpx:HTTP Request: GET http://api:8000/api/jobs/9d4d46d1-1a06-4c3b-882c-0d26f9865674 "HTTP/1.1 200 OK"
INFO:httpx:HTTP Request: GET http://api:8000/api/jobs/9d4d46d1-1a06-4c3b-882c-0d26f9865674 "HTTP/1.1 200 OK"
INFO:httpx:HTTP Request: GET http://api:8000/api/jobs/9d4d46d1-1a06-4c3b-882c-0d26f9865674 "HTTP/1.1 200 OK"
INFO:httpx:HTTP Request: GET http://api:8000/api/jobs/9d4d46d1-1a06-4c3b-882c-0d26f9865674 "HTTP/1.1 200 OK"
INFO:httpx:HTTP Request: GET http://api:8000/api/jobs/9d4d46d1-1a06-4c3b-882c-0d26f9865674 "HTTP/1.1 200 OK"
INFO:httpx:HTTP Request: GET http://api:8000/api/jobs/9d4d46d1-1a06-4c3b-882c-0d26f9865674 "HTTP/1.1 200 OK"
INFO:httpx:HTTP Request: GET http://api:8000/api/jobs/9d4d46d1-1a06-4c3b-882c-0d26f9865674 "HTTP/1.1 200 OK"
INFO:httpx:HTTP Request: GET http://api:8000/api/jobs/9d4d46d1-1a06-4c3b-882c-0d26f9865674 "HTTP/1.1 200 OK"
INFO:httpx:HTTP Request: GET http://api:8000/api/jobs/9d4d46d1-1a06-4c3b-882c-0d26f9865674 "HTTP/1.1 200 OK"
INFO:httpx:HTTP Request: GET http://api:8000/api/jobs/9d4d46d1-1a06-4c3b-882c-0d26f9865674 "HTTP/1.1 200 OK"
INFO:httpx:HTTP Request: GET http://api:8000/api/jobs/9d4d46d1-1a06-4c3b-882c-0d26f9865674 "HTTP/1.1 200 OK"
INFO:httpx:HTTP Request: GET http://api:8000/api/jobs/9d4d46d1-1a06-4c3b-882c-0d26f9865674 "HTTP/1.1 200 OK"
INFO:httpx:HTTP Request: GET http://api:8000/api/jobs/9d4d46d1-1a06-4c3b-882c-0d26f9865674 "HTTP/1.1 200 OK"
INFO:httpx:HTTP Request: GET http://api:8000/api/jobs/9d4d46d1-1a06-4c3b-882c-0d26f9865674 "HTTP/1.1 200 OK"
INFO:httpx:HTTP Request: GET http://api:8000/api/jobs/9d4d46d1-1a06-4c3b-882c-0d26f9865674 "HTTP/1.1 200 OK"
INFO:httpx:HTTP Request: GET http://api:8000/api/jobs/9d4d46d1-1a06-4c3b-882c-0d26f9865674 "HTTP/1.1 200 OK"
INFO:httpx:HTTP Request: GET http://api:8000/api/jobs/9d4d46d1-1a06-4c3b-882c-0d26f9865674 "HTTP/1.1 200 OK"
INFO:httpx:HTTP Request: GET http://api:8000/api/jobs/9d4d46d1-1a06-4c3b-882c-0d26f9865674 "HTTP/1.1 200 OK"
INFO:httpx:HTTP Request: GET http://api:8000/api/jobs/9d4d46d1-1a06-4c3b-882c-0d26f9865674 "HTTP/1.1 200 OK"
INFO:httpx:HTTP Request: GET http://api:8000/api/jobs/9d4d46d1-1a06-4c3b-882c-0d26f9865674 "HTTP/1.1 200 OK"
INFO:httpx:HTTP Request: GET http://api:8000/api/jobs/9d4d46d1-1a06-4c3b-882c-0d26f9865674 "HTTP/1.1 200 OK"
INFO:httpx:HTTP Request: GET http://api:8000/api/jobs/9d4d46d1-1a06-4c3b-882c-0d26f9865674 "HTTP/1.1 200 OK"
INFO:httpx:HTTP Request: GET http://api:8000/api/jobs/9d4d46d1-1a06-4c3b-882c-0d26f9865674 "HTTP/1.1 200 OK"
INFO:httpx:HTTP Request: GET http://api:8000/api/jobs/9d4d46d1-1a06-4c3b-882c-0d26f9865674 "HTTP/1.1 200 OK"
INFO:httpx:HTTP Request: GET http://api:8000/api/jobs/9d4d46d1-1a06-4c3b-882c-0d26f9865674 "HTTP/1.1 200 OK"
INFO:httpx:HTTP Request: GET http://api:8000/api/jobs/9d4d46d1-1a06-4c3b-882c-0d26f9865674 "HTTP/1.1 200 OK"
INFO:httpx:HTTP Request: GET http://api:8000/api/jobs/9d4d46d1-1a06-4c3b-882c-0d26f9865674 "HTTP/1.1 200 OK"
INFO:httpx:HTTP Request: GET http://api:8000/api/jobs/9d4d46d1-1a06-4c3b-882c-0d26f9865674 "HTTP/1.1 200 OK"
INFO:httpx:HTTP Request: GET http://api:8000/api/jobs/9d4d46d1-1a06-4c3b-882c-0d26f9865674 "HTTP/1.1 200 OK"
INFO:httpx:HTTP Request: GET http://api:8000/api/jobs/9d4d46d1-1a06-4c3b-882c-0d26f9865674 "HTTP/1.1 200 OK"
INFO:httpx:HTTP Request: GET http://api:8000/api/jobs/9d4d46d1-1a06-4c3b-882c-0d26f9865674 "HTTP/1.1 200 OK"
INFO:httpx:HTTP Request: GET http://api:8000/api/jobs/9d4d46d1-1a06-4c3b-882c-0d26f9865674 "HTTP/1.1 200 OK"
INFO:httpx:HTTP Request: GET http://api:8000/api/jobs/9d4d46d1-1a06-4c3b-882c-0d26f9865674 "HTTP/1.1 200 OK"
INFO:httpx:HTTP Request: GET http://api:8000/api/jobs/9d4d46d1-1a06-4c3b-882c-0d26f9865674 "HTTP/1.1 200 OK"
INFO:httpx:HTTP Request: GET http://api:8000/api/jobs/9d4d46d1-1a06-4c3b-882c-0d26f9865674 "HTTP/1.1 200 OK"
INFO:httpx:HTTP Request: GET http://api:8000/api/jobs/9d4d46d1-1a06-4c3b-882c-0d26f9865674 "HTTP/1.1 200 OK"
INFO:httpx:HTTP Request: GET http://api:8000/api/jobs/9d4d46d1-1a06-4c3b-882c-0d26f9865674 "HTTP/1.1 200 OK"
INFO:httpx:HTTP Request: GET http://api:8000/api/jobs/9d4d46d1-1a06-4c3b-882c-0d26f9865674 "HTTP/1.1 200 OK"
INFO:httpx:HTTP Request: GET http://api:8000/api/jobs/9d4d46d1-1a06-4c3b-882c-0d26f9865674 "HTTP/1.1 200 OK"
INFO:httpx:HTTP Request: GET http://api:8000/api/jobs/9d4d46d1-1a06-4c3b-882c-0d26f9865674 "HTTP/1.1 200 OK"
INFO:httpx:HTTP Request: GET http://api:8000/api/jobs/9d4d46d1-1a06-4c3b-882c-0d26f9865674 "HTTP/1.1 200 OK"
INFO:httpx:HTTP Request: GET http://api:8000/api/jobs/9d4d46d1-1a06-4c3b-882c-0d26f9865674 "HTTP/1.1 200 OK"
INFO:httpx:HTTP Request: GET http://api:8000/api/jobs/9d4d46d1-1a06-4c3b-882c-0d26f9865674 "HTTP/1.1 200 OK"
INFO:httpx:HTTP Request: GET http://api:8000/api/jobs/9d4d46d1-1a06-4c3b-882c-0d26f9865674 "HTTP/1.1 200 OK"
INFO:httpx:HTTP Request: GET http://api:8000/api/jobs/9d4d46d1-1a06-4c3b-882c-0d26f9865674 "HTTP/1.1 200 OK"
INFO:httpx:HTTP Request: GET http://api:8000/api/jobs/9d4d46d1-1a06-4c3b-882c-0d26f9865674 "HTTP/1.1 200 OK"
INFO:httpx:HTTP Request: GET http://api:8000/api/jobs/9d4d46d1-1a06-4c3b-882c-0d26f9865674 "HTTP/1.1 200 OK"
INFO:httpx:HTTP Request: GET http://api:8000/api/jobs/9d4d46d1-1a06-4c3b-882c-0d26f9865674 "HTTP/1.1 200 OK"
INFO:httpx:HTTP Request: GET http://api:8000/api/jobs/9d4d46d1-1a06-4c3b-882c-0d26f9865674 "HTTP/1.1 200 OK"
INFO:httpx:HTTP Request: GET http://api:8000/api/jobs/9d4d46d1-1a06-4c3b-882c-0d26f9865674 "HTTP/1.1 200 OK"
INFO:httpx:HTTP Request: GET http://api:8000/api/jobs/9d4d46d1-1a06-4c3b-882c-0d26f9865674 "HTTP/1.1 200 OK"
INFO:httpx:HTTP Request: GET http://api:8000/api/jobs/9d4d46d1-1a06-4c3b-882c-0d26f9865674 "HTTP/1.1 200 OK"
INFO:httpx:HTTP Request: GET http://api:8000/api/jobs/9d4d46d1-1a06-4c3b-882c-0d26f9865674 "HTTP/1.1 200 OK"
INFO:httpx:HTTP Request: GET http://api:8000/api/jobs/9d4d46d1-1a06-4c3b-882c-0d26f9865674 "HTTP/1.1 200 OK"
INFO:httpx:HTTP Request: GET http://api:8000/api/jobs/9d4d46d1-1a06-4c3b-882c-0d26f9865674 "HTTP/1.1 200 OK"
INFO:httpx:HTTP Request: GET http://api:8000/api/jobs/9d4d46d1-1a06-4c3b-882c-0d26f9865674 "HTTP/1.1 200 OK"
INFO:httpx:HTTP Request: GET http://api:8000/api/jobs/9d4d46d1-1a06-4c3b-882c-0d26f9865674 "HTTP/1.1 200 OK"
INFO:httpx:HTTP Request: GET http://api:8000/api/jobs/9d4d46d1-1a06-4c3b-882c-0d26f9865674 "HTTP/1.1 200 OK"
INFO:httpx:HTTP Request: GET http://api:8000/api/jobs/9d4d46d1-1a06-4c3b-882c-0d26f9865674 "HTTP/1.1 200 OK"
INFO:httpx:HTTP Request: GET http://api:8000/api/jobs/9d4d46d1-1a06-4c3b-882c-0d26f9865674 "HTTP/1.1 200 OK"
INFO:httpx:HTTP Request: GET http://api:8000/api/jobs/9d4d46d1-1a06-4c3b-882c-0d26f9865674 "HTTP/1.1 200 OK"
INFO:httpx:HTTP Request: GET http://api:8000/api/jobs/9d4d46d1-1a06-4c3b-882c-0d26f9865674 "HTTP/1.1 200 OK"
INFO:httpx:HTTP Request: GET http://api:8000/api/jobs/9d4d46d1-1a06-4c3b-882c-0d26f9865674 "HTTP/1.1 200 OK"
INFO:httpx:HTTP Request: GET http://api:8000/api/jobs/9d4d46d1-1a06-4c3b-882c-0d26f9865674 "HTTP/1.1 200 OK"
INFO:httpx:HTTP Request: GET http://api:8000/api/jobs/9d4d46d1-1a06-4c3b-882c-0d26f9865674 "HTTP/1.1 200 OK"
INFO:httpx:HTTP Request: GET http://api:8000/api/jobs/9d4d46d1-1a06-4c3b-882c-0d26f9865674 "HTTP/1.1 200 OK"
INFO:httpx:HTTP Request: GET http://api:8000/api/jobs/9d4d46d1-1a06-4c3b-882c-0d26f9865674 "HTTP/1.1 200 OK"
INFO:httpx:HTTP Request: GET http://api:8000/api/jobs/9d4d46d1-1a06-4c3b-882c-0d26f9865674 "HTTP/1.1 200 OK"
INFO:httpx:HTTP Request: GET http://api:8000/api/jobs/9d4d46d1-1a06-4c3b-882c-0d26f9865674 "HTTP/1.1 200 OK"
INFO:httpx:HTTP Request: GET http://api:8000/api/jobs/9d4d46d1-1a06-4c3b-882c-0d26f9865674 "HTTP/1.1 200 OK"
INFO:httpx:HTTP Request: GET http://api:8000/api/jobs/9d4d46d1-1a06-4c3b-882c-0d26f9865674 "HTTP/1.1 200 OK"
INFO:httpx:HTTP Request: GET http://api:8000/api/jobs/9d4d46d1-1a06-4c3b-882c-0d26f9865674 "HTTP/1.1 200 OK"
INFO:httpx:HTTP Request: GET http://api:8000/api/jobs/9d4d46d1-1a06-4c3b-882c-0d26f9865674 "HTTP/1.1 200 OK"
INFO:httpx:HTTP Request: GET http://api:8000/api/jobs/9d4d46d1-1a06-4c3b-882c-0d26f9865674 "HTTP/1.1 200 OK"
INFO:httpx:HTTP Request: GET http://api:8000/api/jobs/9d4d46d1-1a06-4c3b-882c-0d26f9865674 "HTTP/1.1 200 OK"
INFO:httpx:HTTP Request: GET http://api:8000/api/jobs/9d4d46d1-1a06-4c3b-882c-0d26f9865674 "HTTP/1.1 200 OK"
INFO:httpx:HTTP Request: GET http://api:8000/api/jobs/9d4d46d1-1a06-4c3b-882c-0d26f9865674 "HTTP/1.1 200 OK"
INFO:httpx:HTTP Request: GET http://api:8000/api/jobs/9d4d46d1-1a06-4c3b-882c-0d26f9865674 "HTTP/1.1 200 OK"
INFO:httpx:HTTP Request: GET http://api:8000/api/jobs/9d4d46d1-1a06-4c3b-882c-0d26f9865674 "HTTP/1.1 200 OK"
INFO:httpx:HTTP Request: GET http://api:8000/api/jobs/9d4d46d1-1a06-4c3b-882c-0d26f9865674 "HTTP/1.1 200 OK"
INFO:httpx:HTTP Request: GET http://api:8000/api/jobs/9d4d46d1-1a06-4c3b-882c-0d26f9865674 "HTTP/1.1 200 OK"
INFO:httpx:HTTP Request: GET http://api:8000/api/jobs/9d4d46d1-1a06-4c3b-882c-0d26f9865674 "HTTP/1.1 200 OK"
INFO:httpx:HTTP Request: GET http://api:8000/api/jobs/9d4d46d1-1a06-4c3b-882c-0d26f9865674 "HTTP/1.1 200 OK"
INFO:httpx:HTTP Request: GET http://api:8000/api/jobs/9d4d46d1-1a06-4c3b-882c-0d26f9865674 "HTTP/1.1 200 OK"
INFO:httpx:HTTP Request: GET http://api:8000/api/jobs/9d4d46d1-1a06-4c3b-882c-0d26f9865674 "HTTP/1.1 200 OK"
INFO:httpx:HTTP Request: GET http://api:8000/api/jobs/9d4d46d1-1a06-4c3b-882c-0d26f9865674 "HTTP/1.1 200 OK"
INFO:httpx:HTTP Request: GET http://api:8000/api/jobs/9d4d46d1-1a06-4c3b-882c-0d26f9865674 "HTTP/1.1 200 OK"
INFO:httpx:HTTP Request: GET http://api:8000/api/jobs/9d4d46d1-1a06-4c3b-882c-0d26f9865674 "HTTP/1.1 200 OK"
INFO:httpx:HTTP Request: GET http://api:8000/api/jobs/9d4d46d1-1a06-4c3b-882c-0d26f9865674 "HTTP/1.1 200 OK"
INFO:httpx:HTTP Request: GET http://api:8000/api/jobs/9d4d46d1-1a06-4c3b-882c-0d26f9865674 "HTTP/1.1 200 OK"
INFO:httpx:HTTP Request: GET http://api:8000/api/jobs/9d4d46d1-1a06-4c3b-882c-0d26f9865674 "HTTP/1.1 200 OK"
INFO:httpx:HTTP Request: GET http://api:8000/api/jobs/9d4d46d1-1a06-4c3b-882c-0d26f9865674 "HTTP/1.1 200 OK"
INFO:httpx:HTTP Request: GET http://api:8000/api/jobs/9d4d46d1-1a06-4c3b-882c-0d26f9865674 "HTTP/1.1 200 OK"
INFO:httpx:HTTP Request: GET http://api:8000/api/jobs/9d4d46d1-1a06-4c3b-882c-0d26f9865674 "HTTP/1.1 200 OK"
INFO:httpx:HTTP Request: GET http://api:8000/api/jobs/9d4d46d1-1a06-4c3b-882c-0d26f9865674 "HTTP/1.1 200 OK"
INFO:httpx:HTTP Request: GET http://api:8000/api/jobs/9d4d46d1-1a06-4c3b-882c-0d26f9865674 "HTTP/1.1 200 OK"
INFO:httpx:HTTP Request: GET http://api:8000/api/jobs/9d4d46d1-1a06-4c3b-882c-0d26f9865674 "HTTP/1.1 200 OK"
INFO:httpx:HTTP Request: GET http://api:8000/api/jobs/9d4d46d1-1a06-4c3b-882c-0d26f9865674 "HTTP/1.1 200 OK"
INFO:httpx:HTTP Request: GET http://api:8000/api/jobs/9d4d46d1-1a06-4c3b-882c-0d26f9865674 "HTTP/1.1 200 OK"
INFO:httpx:HTTP Request: GET http://api:8000/api/jobs/9d4d46d1-1a06-4c3b-882c-0d26f9865674 "HTTP/1.1 200 OK"
INFO:httpx:HTTP Request: GET http://api:8000/api/jobs/9d4d46d1-1a06-4c3b-882c-0d26f9865674 "HTTP/1.1 200 OK"
INFO:httpx:HTTP Request: GET http://api:8000/api/jobs/9d4d46d1-1a06-4c3b-882c-0d26f9865674 "HTTP/1.1 200 OK"
INFO:httpx:HTTP Request: GET http://api:8000/api/jobs/9d4d46d1-1a06-4c3b-882c-0d26f9865674 "HTTP/1.1 200 OK"
INFO:httpx:HTTP Request: GET http://api:8000/api/jobs/9d4d46d1-1a06-4c3b-882c-0d26f9865674 "HTTP/1.1 200 OK"
INFO:httpx:HTTP Request: GET http://api:8000/api/jobs/9d4d46d1-1a06-4c3b-882c-0d26f9865674 "HTTP/1.1 200 OK"
INFO:httpx:HTTP Request: GET http://api:8000/api/jobs/9d4d46d1-1a06-4c3b-882c-0d26f9865674 "HTTP/1.1 200 OK"
INFO:httpx:HTTP Request: GET http://api:8000/api/jobs/9d4d46d1-1a06-4c3b-882c-0d26f9865674 "HTTP/1.1 200 OK"
INFO:httpx:HTTP Request: GET http://api:8000/api/jobs/9d4d46d1-1a06-4c3b-882c-0d26f9865674 "HTTP/1.1 200 OK"
INFO:httpx:HTTP Request: GET http://api:8000/api/jobs/9d4d46d1-1a06-4c3b-882c-0d26f9865674 "HTTP/1.1 200 OK"
INFO:httpx:HTTP Request: GET http://api:8000/api/jobs/9d4d46d1-1a06-4c3b-882c-0d26f9865674 "HTTP/1.1 200 OK"
INFO:httpx:HTTP Request: GET http://api:8000/api/jobs/9d4d46d1-1a06-4c3b-882c-0d26f9865674 "HTTP/1.1 200 OK"
INFO:httpx:HTTP Request: GET http://api:8000/api/jobs/9d4d46d1-1a06-4c3b-882c-0d26f9865674 "HTTP/1.1 200 OK"
INFO:httpx:HTTP Request: GET http://api:8000/api/jobs/9d4d46d1-1a06-4c3b-882c-0d26f9865674 "HTTP/1.1 200 OK"
INFO:httpx:HTTP Request: GET http://api:8000/api/jobs/9d4d46d1-1a06-4c3b-882c-0d26f9865674 "HTTP/1.1 200 OK"
INFO:httpx:HTTP Request: GET http://api:8000/api/jobs/9d4d46d1-1a06-4c3b-882c-0d26f9865674 "HTTP/1.1 200 OK"
INFO:httpx:HTTP Request: GET http://api:8000/api/jobs/9d4d46d1-1a06-4c3b-882c-0d26f9865674 "HTTP/1.1 200 OK"
INFO:httpx:HTTP Request: GET http://api:8000/api/jobs/9d4d46d1-1a06-4c3b-882c-0d26f9865674 "HTTP/1.1 200 OK"
INFO:httpx:HTTP Request: GET http://api:8000/api/jobs/9d4d46d1-1a06-4c3b-882c-0d26f9865674 "HTTP/1.1 200 OK"
INFO:httpx:HTTP Request: GET http://api:8000/api/jobs/9d4d46d1-1a06-4c3b-882c-0d26f9865674 "HTTP/1.1 200 OK"
INFO:httpx:HTTP Request: GET http://api:8000/api/jobs/9d4d46d1-1a06-4c3b-882c-0d26f9865674 "HTTP/1.1 200 OK"
INFO:httpx:HTTP Request: GET http://api:8000/api/jobs/9d4d46d1-1a06-4c3b-882c-0d26f9865674 "HTTP/1.1 200 OK"
INFO:httpx:HTTP Request: GET http://api:8000/api/jobs/9d4d46d1-1a06-4c3b-882c-0d26f9865674 "HTTP/1.1 200 OK"
INFO:httpx:HTTP Request: GET http://api:8000/api/jobs/9d4d46d1-1a06-4c3b-882c-0d26f9865674 "HTTP/1.1 200 OK"
INFO:httpx:HTTP Request: GET http://api:8000/api/jobs/9d4d46d1-1a06-4c3b-882c-0d26f9865674 "HTTP/1.1 200 OK"
INFO:httpx:HTTP Request: GET http://api:8000/api/jobs/9d4d46d1-1a06-4c3b-882c-0d26f9865674 "HTTP/1.1 200 OK"
INFO:httpx:HTTP Request: GET http://api:8000/api/jobs/9d4d46d1-1a06-4c3b-882c-0d26f9865674 "HTTP/1.1 200 OK"
INFO:httpx:HTTP Request: GET http://api:8000/api/jobs/9d4d46d1-1a06-4c3b-882c-0d26f9865674 "HTTP/1.1 200 OK"
INFO:httpx:HTTP Request: GET http://api:8000/api/jobs/9d4d46d1-1a06-4c3b-882c-0d26f9865674 "HTTP/1.1 200 OK"
INFO:httpx:HTTP Request: GET http://api:8000/api/jobs/9d4d46d1-1a06-4c3b-882c-0d26f9865674 "HTTP/1.1 200 OK"
INFO:httpx:HTTP Request: GET http://api:8000/api/jobs/9d4d46d1-1a06-4c3b-882c-0d26f9865674 "HTTP/1.1 200 OK"
INFO:httpx:HTTP Request: GET http://api:8000/api/jobs/9d4d46d1-1a06-4c3b-882c-0d26f9865674 "HTTP/1.1 200 OK"
INFO:httpx:HTTP Request: GET http://api:8000/api/jobs/9d4d46d1-1a06-4c3b-882c-0d26f9865674 "HTTP/1.1 200 OK"
INFO:httpx:HTTP Request: GET http://api:8000/api/jobs/9d4d46d1-1a06-4c3b-882c-0d26f9865674 "HTTP/1.1 200 OK"
INFO:httpx:HTTP Request: GET http://api:8000/api/jobs/9d4d46d1-1a06-4c3b-882c-0d26f9865674 "HTTP/1.1 200 OK"
INFO:httpx:HTTP Request: GET http://api:8000/api/jobs/9d4d46d1-1a06-4c3b-882c-0d26f9865674 "HTTP/1.1 200 OK"
INFO:httpx:HTTP Request: GET http://api:8000/api/jobs/9d4d46d1-1a06-4c3b-882c-0d26f9865674 "HTTP/1.1 200 OK"
INFO:httpx:HTTP Request: GET http://api:8000/api/jobs/9d4d46d1-1a06-4c3b-882c-0d26f9865674 "HTTP/1.1 200 OK"
INFO:httpx:HTTP Request: GET http://api:8000/api/jobs/9d4d46d1-1a06-4c3b-882c-0d26f9865674 "HTTP/1.1 200 OK"
INFO:httpx:HTTP Request: GET http://api:8000/api/jobs/9d4d46d1-1a06-4c3b-882c-0d26f9865674 "HTTP/1.1 200 OK"
INFO:httpx:HTTP Request: GET http://api:8000/api/jobs/9d4d46d1-1a06-4c3b-882c-0d26f9865674 "HTTP/1.1 200 OK"
INFO:httpx:HTTP Request: GET http://api:8000/api/jobs/9d4d46d1-1a06-4c3b-882c-0d26f9865674 "HTTP/1.1 200 OK"
INFO:httpx:HTTP Request: GET http://api:8000/api/jobs/9d4d46d1-1a06-4c3b-882c-0d26f9865674 "HTTP/1.1 200 OK"
INFO:httpx:HTTP Request: GET http://api:8000/api/jobs/9d4d46d1-1a06-4c3b-882c-0d26f9865674 "HTTP/1.1 200 OK"
INFO:httpx:HTTP Request: GET http://api:8000/api/jobs/9d4d46d1-1a06-4c3b-882c-0d26f9865674 "HTTP/1.1 200 OK"
INFO:httpx:HTTP Request: GET http://api:8000/api/jobs/9d4d46d1-1a06-4c3b-882c-0d26f9865674 "HTTP/1.1 200 OK"
INFO:httpx:HTTP Request: GET http://api:8000/api/jobs/9d4d46d1-1a06-4c3b-882c-0d26f9865674 "HTTP/1.1 200 OK"
INFO:httpx:HTTP Request: GET http://api:8000/api/jobs/9d4d46d1-1a06-4c3b-882c-0d26f9865674 "HTTP/1.1 200 OK"
INFO:httpx:HTTP Request: GET http://api:8000/api/jobs/9d4d46d1-1a06-4c3b-882c-0d26f9865674 "HTTP/1.1 200 OK"
INFO:httpx:HTTP Request: GET http://api:8000/api/jobs/9d4d46d1-1a06-4c3b-882c-0d26f9865674 "HTTP/1.1 200 OK"
INFO:httpx:HTTP Request: GET http://api:8000/api/jobs/9d4d46d1-1a06-4c3b-882c-0d26f9865674 "HTTP/1.1 200 OK"
INFO:httpx:HTTP Request: GET http://api:8000/api/jobs/9d4d46d1-1a06-4c3b-882c-0d26f9865674 "HTTP/1.1 200 OK"
INFO:httpx:HTTP Request: GET http://api:8000/api/jobs/9d4d46d1-1a06-4c3b-882c-0d26f9865674 "HTTP/1.1 200 OK"
INFO:httpx:HTTP Request: GET http://api:8000/api/jobs/9d4d46d1-1a06-4c3b-882c-0d26f9865674 "HTTP/1.1 200 OK"
INFO:httpx:HTTP Request: GET http://api:8000/api/jobs/9d4d46d1-1a06-4c3b-882c-0d26f9865674 "HTTP/1.1 200 OK"
INFO:httpx:HTTP Request: GET http://api:8000/api/jobs/9d4d46d1-1a06-4c3b-882c-0d26f9865674 "HTTP/1.1 200 OK"
INFO:httpx:HTTP Request: GET http://api:8000/api/jobs/9d4d46d1-1a06-4c3b-882c-0d26f9865674 "HTTP/1.1 200 OK"
INFO:httpx:HTTP Request: GET http://api:8000/api/jobs/9d4d46d1-1a06-4c3b-882c-0d26f9865674 "HTTP/1.1 200 OK"
INFO:httpx:HTTP Request: GET http://api:8000/api/jobs/9d4d46d1-1a06-4c3b-882c-0d26f9865674 "HTTP/1.1 200 OK"
INFO:httpx:HTTP Request: GET http://api:8000/api/jobs/9d4d46d1-1a06-4c3b-882c-0d26f9865674 "HTTP/1.1 200 OK"
INFO:httpx:HTTP Request: GET http://api:8000/api/jobs/9d4d46d1-1a06-4c3b-882c-0d26f9865674 "HTTP/1.1 200 OK"
INFO:httpx:HTTP Request: GET http://api:8000/api/jobs/9d4d46d1-1a06-4c3b-882c-0d26f9865674 "HTTP/1.1 200 OK"
INFO:httpx:HTTP Request: GET http://api:8000/api/jobs/9d4d46d1-1a06-4c3b-882c-0d26f9865674 "HTTP/1.1 200 OK"
INFO:httpx:HTTP Request: GET http://api:8000/api/jobs/9d4d46d1-1a06-4c3b-882c-0d26f9865674 "HTTP/1.1 200 OK"
INFO:httpx:HTTP Request: GET http://api:8000/api/jobs/9d4d46d1-1a06-4c3b-882c-0d26f9865674 "HTTP/1.1 200 OK"
INFO:httpx:HTTP Request: GET http://api:8000/api/jobs/9d4d46d1-1a06-4c3b-882c-0d26f9865674 "HTTP/1.1 200 OK"
INFO:httpx:HTTP Request: GET http://api:8000/api/jobs/9d4d46d1-1a06-4c3b-882c-0d26f9865674 "HTTP/1.1 200 OK"
INFO:httpx:HTTP Request: GET http://api:8000/api/jobs/9d4d46d1-1a06-4c3b-882c-0d26f9865674 "HTTP/1.1 200 OK"
INFO:httpx:HTTP Request: GET http://api:8000/api/jobs/9d4d46d1-1a06-4c3b-882c-0d26f9865674 "HTTP/1.1 200 OK"
INFO:httpx:HTTP Request: GET http://api:8000/api/jobs/9d4d46d1-1a06-4c3b-882c-0d26f9865674 "HTTP/1.1 200 OK"
INFO:httpx:HTTP Request: GET http://api:8000/api/jobs/9d4d46d1-1a06-4c3b-882c-0d26f9865674 "HTTP/1.1 200 OK"
INFO:httpx:HTTP Request: GET http://api:8000/api/jobs/9d4d46d1-1a06-4c3b-882c-0d26f9865674 "HTTP/1.1 200 OK"
INFO:httpx:HTTP Request: GET http://api:8000/api/jobs/9d4d46d1-1a06-4c3b-882c-0d26f9865674 "HTTP/1.1 200 OK"
INFO:httpx:HTTP Request: GET http://api:8000/api/jobs/9d4d46d1-1a06-4c3b-882c-0d26f9865674 "HTTP/1.1 200 OK"
INFO:httpx:HTTP Request: GET http://api:8000/api/jobs/9d4d46d1-1a06-4c3b-882c-0d26f9865674 "HTTP/1.1 200 OK"
INFO:httpx:HTTP Request: GET http://api:8000/api/jobs/9d4d46d1-1a06-4c3b-882c-0d26f9865674 "HTTP/1.1 200 OK"
INFO:httpx:HTTP Request: GET http://api:8000/api/jobs/9d4d46d1-1a06-4c3b-882c-0d26f9865674 "HTTP/1.1 200 OK"
INFO:httpx:HTTP Request: GET http://api:8000/api/jobs/9d4d46d1-1a06-4c3b-882c-0d26f9865674 "HTTP/1.1 200 OK"
INFO:httpx:HTTP Request: GET http://api:8000/api/jobs/9d4d46d1-1a06-4c3b-882c-0d26f9865674 "HTTP/1.1 200 OK"
INFO:httpx:HTTP Request: GET http://api:8000/api/jobs/9d4d46d1-1a06-4c3b-882c-0d26f9865674 "HTTP/1.1 200 OK"
INFO:httpx:HTTP Request: GET http://api:8000/api/jobs/9d4d46d1-1a06-4c3b-882c-0d26f9865674 "HTTP/1.1 200 OK"
INFO:httpx:HTTP Request: GET http://api:8000/api/jobs/9d4d46d1-1a06-4c3b-882c-0d26f9865674 "HTTP/1.1 200 OK"
INFO:httpx:HTTP Request: GET http://api:8000/api/jobs/9d4d46d1-1a06-4c3b-882c-0d26f9865674 "HTTP/1.1 200 OK"
INFO:httpx:HTTP Request: GET http://api:8000/api/jobs/9d4d46d1-1a06-4c3b-882c-0d26f9865674 "HTTP/1.1 200 OK"
INFO:httpx:HTTP Request: GET http://api:8000/api/jobs/9d4d46d1-1a06-4c3b-882c-0d26f9865674 "HTTP/1.1 200 OK"
INFO:httpx:HTTP Request: GET http://api:8000/api/jobs/9d4d46d1-1a06-4c3b-882c-0d26f9865674 "HTTP/1.1 200 OK"
INFO:httpx:HTTP Request: GET http://api:8000/api/jobs/9d4d46d1-1a06-4c3b-882c-0d26f9865674 "HTTP/1.1 200 OK"
INFO:httpx:HTTP Request: GET http://api:8000/api/jobs/9d4d46d1-1a06-4c3b-882c-0d26f9865674 "HTTP/1.1 200 OK"
INFO:httpx:HTTP Request: GET http://api:8000/api/jobs/9d4d46d1-1a06-4c3b-882c-0d26f9865674 "HTTP/1.1 200 OK"
INFO:httpx:HTTP Request: GET http://api:8000/api/jobs/9d4d46d1-1a06-4c3b-882c-0d26f9865674 "HTTP/1.1 200 OK"
INFO:httpx:HTTP Request: GET http://api:8000/api/jobs/9d4d46d1-1a06-4c3b-882c-0d26f9865674 "HTTP/1.1 200 OK"
INFO:httpx:HTTP Request: GET http://api:8000/api/jobs/9d4d46d1-1a06-4c3b-882c-0d26f9865674 "HTTP/1.1 200 OK"
INFO:httpx:HTTP Request: GET http://api:8000/api/jobs/9d4d46d1-1a06-4c3b-882c-0d26f9865674 "HTTP/1.1 200 OK"
INFO:httpx:HTTP Request: POST http://api:8000/api/ingest/upload "HTTP/1.1 201 Created"
INFO:httpx:HTTP Request: POST http://api:8000/api/ingest/preview/99f8329d-e9cf-4748-941b-2aed3776407d "HTTP/1.1 200 OK"
INFO:httpx:HTTP Request: POST http://api:8000/api/ingest/commit/99f8329d-e9cf-4748-941b-2aed3776407d "HTTP/1.1 202 Accepted"
INFO:httpx:HTTP Request: GET http://api:8000/api/jobs/99f8329d-e9cf-4748-941b-2aed3776407d "HTTP/1.1 200 OK"
INFO:httpx:HTTP Request: GET http://api:8000/api/jobs/99f8329d-e9cf-4748-941b-2aed3776407d "HTTP/1.1 200 OK"
INFO:httpx:HTTP Request: GET http://api:8000/api/jobs/99f8329d-e9cf-4748-941b-2aed3776407d "HTTP/1.1 200 OK"
INFO:httpx:HTTP Request: GET http://api:8000/api/jobs/99f8329d-e9cf-4748-941b-2aed3776407d "HTTP/1.1 200 OK"
INFO:httpx:HTTP Request: GET http://api:8000/api/jobs/99f8329d-e9cf-4748-941b-2aed3776407d "HTTP/1.1 200 OK"
INFO:httpx:HTTP Request: GET http://api:8000/api/jobs/99f8329d-e9cf-4748-941b-2aed3776407d "HTTP/1.1 200 OK"
INFO:httpx:HTTP Request: GET http://api:8000/api/jobs/99f8329d-e9cf-4748-941b-2aed3776407d "HTTP/1.1 200 OK"
INFO:httpx:HTTP Request: GET http://api:8000/api/jobs/99f8329d-e9cf-4748-941b-2aed3776407d "HTTP/1.1 200 OK"
INFO:httpx:HTTP Request: GET http://api:8000/api/jobs/99f8329d-e9cf-4748-941b-2aed3776407d "HTTP/1.1 200 OK"
INFO:httpx:HTTP Request: GET http://api:8000/api/jobs/99f8329d-e9cf-4748-941b-2aed3776407d "HTTP/1.1 200 OK"
INFO:httpx:HTTP Request: GET http://api:8000/api/jobs/99f8329d-e9cf-4748-941b-2aed3776407d "HTTP/1.1 200 OK"
INFO:httpx:HTTP Request: GET http://api:8000/api/jobs/99f8329d-e9cf-4748-941b-2aed3776407d "HTTP/1.1 200 OK"
INFO:httpx:HTTP Request: GET http://api:8000/api/jobs/99f8329d-e9cf-4748-941b-2aed3776407d "HTTP/1.1 200 OK"
INFO:httpx:HTTP Request: GET http://api:8000/api/jobs/99f8329d-e9cf-4748-941b-2aed3776407d "HTTP/1.1 200 OK"
INFO:httpx:HTTP Request: GET http://api:8000/api/jobs/99f8329d-e9cf-4748-941b-2aed3776407d "HTTP/1.1 200 OK"
INFO:httpx:HTTP Request: GET http://api:8000/api/jobs/99f8329d-e9cf-4748-941b-2aed3776407d "HTTP/1.1 200 OK"
INFO:httpx:HTTP Request: GET http://api:8000/api/jobs/99f8329d-e9cf-4748-941b-2aed3776407d "HTTP/1.1 200 OK"
INFO:httpx:HTTP Request: GET http://api:8000/api/jobs/99f8329d-e9cf-4748-941b-2aed3776407d "HTTP/1.1 200 OK"
INFO:httpx:HTTP Request: GET http://api:8000/api/jobs/99f8329d-e9cf-4748-941b-2aed3776407d "HTTP/1.1 200 OK"
INFO:httpx:HTTP Request: GET http://api:8000/api/jobs/99f8329d-e9cf-4748-941b-2aed3776407d "HTTP/1.1 200 OK"
INFO:httpx:HTTP Request: GET http://api:8000/api/jobs/99f8329d-e9cf-4748-941b-2aed3776407d "HTTP/1.1 200 OK"
INFO:httpx:HTTP Request: GET http://api:8000/api/jobs/99f8329d-e9cf-4748-941b-2aed3776407d "HTTP/1.1 200 OK"
INFO:httpx:HTTP Request: GET http://api:8000/api/jobs/99f8329d-e9cf-4748-941b-2aed3776407d "HTTP/1.1 200 OK"
INFO:httpx:HTTP Request: GET http://api:8000/api/jobs/99f8329d-e9cf-4748-941b-2aed3776407d "HTTP/1.1 200 OK"
INFO:httpx:HTTP Request: GET http://api:8000/api/jobs/99f8329d-e9cf-4748-941b-2aed3776407d "HTTP/1.1 200 OK"
INFO:httpx:HTTP Request: GET http://api:8000/api/jobs/99f8329d-e9cf-4748-941b-2aed3776407d "HTTP/1.1 200 OK"
INFO:httpx:HTTP Request: GET http://api:8000/api/jobs/99f8329d-e9cf-4748-941b-2aed3776407d "HTTP/1.1 200 OK"
INFO:httpx:HTTP Request: GET http://api:8000/api/jobs/99f8329d-e9cf-4748-941b-2aed3776407d "HTTP/1.1 200 OK"
INFO:httpx:HTTP Request: GET http://api:8000/api/jobs/99f8329d-e9cf-4748-941b-2aed3776407d "HTTP/1.1 200 OK"
INFO:httpx:HTTP Request: GET http://api:8000/api/jobs/99f8329d-e9cf-4748-941b-2aed3776407d "HTTP/1.1 200 OK"
INFO:httpx:HTTP Request: GET http://api:8000/api/jobs/99f8329d-e9cf-4748-941b-2aed3776407d "HTTP/1.1 200 OK"
INFO:httpx:HTTP Request: GET http://api:8000/api/jobs/99f8329d-e9cf-4748-941b-2aed3776407d "HTTP/1.1 200 OK"
INFO:httpx:HTTP Request: GET http://api:8000/api/jobs/99f8329d-e9cf-4748-941b-2aed3776407d "HTTP/1.1 200 OK"
INFO:httpx:HTTP Request: GET http://api:8000/api/jobs/99f8329d-e9cf-4748-941b-2aed3776407d "HTTP/1.1 200 OK"
INFO:httpx:HTTP Request: GET http://api:8000/api/jobs/99f8329d-e9cf-4748-941b-2aed3776407d "HTTP/1.1 200 OK"
INFO:httpx:HTTP Request: GET http://api:8000/api/jobs/99f8329d-e9cf-4748-941b-2aed3776407d "HTTP/1.1 200 OK"
INFO:httpx:HTTP Request: GET http://api:8000/api/jobs/99f8329d-e9cf-4748-941b-2aed3776407d "HTTP/1.1 200 OK"
INFO:httpx:HTTP Request: GET http://api:8000/api/jobs/99f8329d-e9cf-4748-941b-2aed3776407d "HTTP/1.1 200 OK"
INFO:httpx:HTTP Request: GET http://api:8000/api/jobs/99f8329d-e9cf-4748-941b-2aed3776407d "HTTP/1.1 200 OK"
INFO:httpx:HTTP Request: GET http://api:8000/api/jobs/99f8329d-e9cf-4748-941b-2aed3776407d "HTTP/1.1 200 OK"
INFO:httpx:HTTP Request: GET http://api:8000/api/jobs/99f8329d-e9cf-4748-941b-2aed3776407d "HTTP/1.1 200 OK"
INFO:httpx:HTTP Request: GET http://api:8000/api/jobs/99f8329d-e9cf-4748-941b-2aed3776407d "HTTP/1.1 200 OK"
INFO:httpx:HTTP Request: GET http://api:8000/api/jobs/99f8329d-e9cf-4748-941b-2aed3776407d "HTTP/1.1 200 OK"
INFO:httpx:HTTP Request: GET http://api:8000/api/jobs/99f8329d-e9cf-4748-941b-2aed3776407d "HTTP/1.1 200 OK"
INFO:httpx:HTTP Request: GET http://api:8000/api/jobs/99f8329d-e9cf-4748-941b-2aed3776407d "HTTP/1.1 200 OK"
INFO:httpx:HTTP Request: GET http://api:8000/api/jobs/99f8329d-e9cf-4748-941b-2aed3776407d "HTTP/1.1 200 OK"
INFO:httpx:HTTP Request: GET http://api:8000/api/jobs/99f8329d-e9cf-4748-941b-2aed3776407d "HTTP/1.1 200 OK"
INFO:httpx:HTTP Request: GET http://api:8000/api/jobs/99f8329d-e9cf-4748-941b-2aed3776407d "HTTP/1.1 200 OK"
INFO:httpx:HTTP Request: GET http://api:8000/api/jobs/99f8329d-e9cf-4748-941b-2aed3776407d "HTTP/1.1 200 OK"
INFO:httpx:HTTP Request: GET http://api:8000/api/jobs/99f8329d-e9cf-4748-941b-2aed3776407d "HTTP/1.1 200 OK"
INFO:httpx:HTTP Request: GET http://api:8000/api/jobs/99f8329d-e9cf-4748-941b-2aed3776407d "HTTP/1.1 200 OK"
INFO:httpx:HTTP Request: GET http://api:8000/api/jobs/99f8329d-e9cf-4748-941b-2aed3776407d "HTTP/1.1 200 OK"
INFO:httpx:HTTP Request: GET http://api:8000/api/jobs/99f8329d-e9cf-4748-941b-2aed3776407d "HTTP/1.1 200 OK"
INFO:httpx:HTTP Request: GET http://api:8000/api/jobs/99f8329d-e9cf-4748-941b-2aed3776407d "HTTP/1.1 200 OK"
INFO:httpx:HTTP Request: GET http://api:8000/api/jobs/99f8329d-e9cf-4748-941b-2aed3776407d "HTTP/1.1 200 OK"
INFO:httpx:HTTP Request: GET http://api:8000/api/jobs/99f8329d-e9cf-4748-941b-2aed3776407d "HTTP/1.1 200 OK"
INFO:httpx:HTTP Request: GET http://api:8000/api/jobs/99f8329d-e9cf-4748-941b-2aed3776407d "HTTP/1.1 200 OK"
INFO:httpx:HTTP Request: GET http://api:8000/api/jobs/99f8329d-e9cf-4748-941b-2aed3776407d "HTTP/1.1 200 OK"
INFO:httpx:HTTP Request: GET http://api:8000/api/jobs/99f8329d-e9cf-4748-941b-2aed3776407d "HTTP/1.1 200 OK"
INFO:httpx:HTTP Request: GET http://api:8000/api/jobs/99f8329d-e9cf-4748-941b-2aed3776407d "HTTP/1.1 200 OK"
INFO:httpx:HTTP Request: GET http://api:8000/api/jobs/99f8329d-e9cf-4748-941b-2aed3776407d "HTTP/1.1 200 OK"
INFO:httpx:HTTP Request: GET http://api:8000/api/jobs/99f8329d-e9cf-4748-941b-2aed3776407d "HTTP/1.1 200 OK"
INFO:httpx:HTTP Request: GET http://api:8000/api/jobs/99f8329d-e9cf-4748-941b-2aed3776407d "HTTP/1.1 200 OK"
INFO:httpx:HTTP Request: GET http://api:8000/api/jobs/99f8329d-e9cf-4748-941b-2aed3776407d "HTTP/1.1 200 OK"
INFO:httpx:HTTP Request: GET http://api:8000/api/jobs/99f8329d-e9cf-4748-941b-2aed3776407d "HTTP/1.1 200 OK"
INFO:httpx:HTTP Request: GET http://api:8000/api/jobs/99f8329d-e9cf-4748-941b-2aed3776407d "HTTP/1.1 200 OK"
INFO:httpx:HTTP Request: GET http://api:8000/api/jobs/99f8329d-e9cf-4748-941b-2aed3776407d "HTTP/1.1 200 OK"
INFO:httpx:HTTP Request: GET http://api:8000/api/jobs/99f8329d-e9cf-4748-941b-2aed3776407d "HTTP/1.1 200 OK"
INFO:httpx:HTTP Request: GET http://api:8000/api/jobs/99f8329d-e9cf-4748-941b-2aed3776407d "HTTP/1.1 200 OK"
INFO:httpx:HTTP Request: GET http://api:8000/api/jobs/99f8329d-e9cf-4748-941b-2aed3776407d "HTTP/1.1 200 OK"
INFO:httpx:HTTP Request: GET http://api:8000/api/jobs/99f8329d-e9cf-4748-941b-2aed3776407d "HTTP/1.1 200 OK"
INFO:httpx:HTTP Request: GET http://api:8000/api/jobs/99f8329d-e9cf-4748-941b-2aed3776407d "HTTP/1.1 200 OK"
INFO:httpx:HTTP Request: GET http://api:8000/api/jobs/99f8329d-e9cf-4748-941b-2aed3776407d "HTTP/1.1 200 OK"
INFO:httpx:HTTP Request: GET http://api:8000/api/jobs/99f8329d-e9cf-4748-941b-2aed3776407d "HTTP/1.1 200 OK"
INFO:httpx:HTTP Request: GET http://api:8000/api/jobs/99f8329d-e9cf-4748-941b-2aed3776407d "HTTP/1.1 200 OK"
INFO:httpx:HTTP Request: GET http://api:8000/api/jobs/99f8329d-e9cf-4748-941b-2aed3776407d "HTTP/1.1 200 OK"
INFO:httpx:HTTP Request: GET http://api:8000/api/jobs/99f8329d-e9cf-4748-941b-2aed3776407d "HTTP/1.1 200 OK"
INFO:httpx:HTTP Request: GET http://api:8000/api/jobs/99f8329d-e9cf-4748-941b-2aed3776407d "HTTP/1.1 200 OK"
INFO:httpx:HTTP Request: GET http://api:8000/api/jobs/99f8329d-e9cf-4748-941b-2aed3776407d "HTTP/1.1 200 OK"
INFO:httpx:HTTP Request: GET http://api:8000/api/jobs/99f8329d-e9cf-4748-941b-2aed3776407d "HTTP/1.1 200 OK"
INFO:httpx:HTTP Request: GET http://api:8000/api/jobs/99f8329d-e9cf-4748-941b-2aed3776407d "HTTP/1.1 200 OK"
INFO:httpx:HTTP Request: GET http://api:8000/api/jobs/99f8329d-e9cf-4748-941b-2aed3776407d "HTTP/1.1 200 OK"
INFO:httpx:HTTP Request: GET http://api:8000/api/jobs/99f8329d-e9cf-4748-941b-2aed3776407d "HTTP/1.1 200 OK"
INFO:httpx:HTTP Request: GET http://api:8000/api/jobs/99f8329d-e9cf-4748-941b-2aed3776407d "HTTP/1.1 200 OK"
INFO:httpx:HTTP Request: GET http://api:8000/api/jobs/99f8329d-e9cf-4748-941b-2aed3776407d "HTTP/1.1 200 OK"
INFO:httpx:HTTP Request: GET http://api:8000/api/jobs/99f8329d-e9cf-4748-941b-2aed3776407d "HTTP/1.1 200 OK"
INFO:httpx:HTTP Request: GET http://api:8000/api/jobs/99f8329d-e9cf-4748-941b-2aed3776407d "HTTP/1.1 200 OK"
INFO:httpx:HTTP Request: GET http://api:8000/api/jobs/99f8329d-e9cf-4748-941b-2aed3776407d "HTTP/1.1 200 OK"
INFO:httpx:HTTP Request: GET http://api:8000/api/jobs/99f8329d-e9cf-4748-941b-2aed3776407d "HTTP/1.1 200 OK"
INFO:httpx:HTTP Request: GET http://api:8000/api/jobs/99f8329d-e9cf-4748-941b-2aed3776407d "HTTP/1.1 200 OK"
INFO:httpx:HTTP Request: GET http://api:8000/api/jobs/99f8329d-e9cf-4748-941b-2aed3776407d "HTTP/1.1 200 OK"
INFO:httpx:HTTP Request: GET http://api:8000/api/jobs/99f8329d-e9cf-4748-941b-2aed3776407d "HTTP/1.1 200 OK"
INFO:httpx:HTTP Request: GET http://api:8000/api/jobs/99f8329d-e9cf-4748-941b-2aed3776407d "HTTP/1.1 200 OK"
INFO:httpx:HTTP Request: GET http://api:8000/api/jobs/99f8329d-e9cf-4748-941b-2aed3776407d "HTTP/1.1 200 OK"
INFO:httpx:HTTP Request: GET http://api:8000/api/jobs/99f8329d-e9cf-4748-941b-2aed3776407d "HTTP/1.1 200 OK"
INFO:httpx:HTTP Request: GET http://api:8000/api/jobs/99f8329d-e9cf-4748-941b-2aed3776407d "HTTP/1.1 200 OK"
INFO:httpx:HTTP Request: GET http://api:8000/api/jobs/99f8329d-e9cf-4748-941b-2aed3776407d "HTTP/1.1 200 OK"
INFO:httpx:HTTP Request: GET http://api:8000/api/jobs/99f8329d-e9cf-4748-941b-2aed3776407d "HTTP/1.1 200 OK"
INFO:httpx:HTTP Request: GET http://api:8000/api/jobs/99f8329d-e9cf-4748-941b-2aed3776407d "HTTP/1.1 200 OK"
INFO:httpx:HTTP Request: GET http://api:8000/api/jobs/99f8329d-e9cf-4748-941b-2aed3776407d "HTTP/1.1 200 OK"
INFO:httpx:HTTP Request: GET http://api:8000/api/jobs/99f8329d-e9cf-4748-941b-2aed3776407d "HTTP/1.1 200 OK"
INFO:httpx:HTTP Request: GET http://api:8000/api/jobs/99f8329d-e9cf-4748-941b-2aed3776407d "HTTP/1.1 200 OK"
INFO:httpx:HTTP Request: GET http://api:8000/api/jobs/99f8329d-e9cf-4748-941b-2aed3776407d "HTTP/1.1 200 OK"
INFO:httpx:HTTP Request: GET http://api:8000/api/jobs/99f8329d-e9cf-4748-941b-2aed3776407d "HTTP/1.1 200 OK"
INFO:httpx:HTTP Request: GET http://api:8000/api/jobs/99f8329d-e9cf-4748-941b-2aed3776407d "HTTP/1.1 200 OK"
INFO:httpx:HTTP Request: GET http://api:8000/api/jobs/99f8329d-e9cf-4748-941b-2aed3776407d "HTTP/1.1 200 OK"
INFO:httpx:HTTP Request: GET http://api:8000/api/jobs/99f8329d-e9cf-4748-941b-2aed3776407d "HTTP/1.1 200 OK"
INFO:httpx:HTTP Request: GET http://api:8000/api/jobs/99f8329d-e9cf-4748-941b-2aed3776407d "HTTP/1.1 200 OK"
INFO:httpx:HTTP Request: GET http://api:8000/api/jobs/99f8329d-e9cf-4748-941b-2aed3776407d "HTTP/1.1 200 OK"
INFO:httpx:HTTP Request: GET http://api:8000/api/jobs/99f8329d-e9cf-4748-941b-2aed3776407d "HTTP/1.1 200 OK"
INFO:httpx:HTTP Request: GET http://api:8000/api/jobs/99f8329d-e9cf-4748-941b-2aed3776407d "HTTP/1.1 200 OK"
INFO:httpx:HTTP Request: GET http://api:8000/api/jobs/99f8329d-e9cf-4748-941b-2aed3776407d "HTTP/1.1 200 OK"
INFO:httpx:HTTP Request: GET http://api:8000/api/jobs/99f8329d-e9cf-4748-941b-2aed3776407d "HTTP/1.1 200 OK"
INFO:httpx:HTTP Request: GET http://api:8000/api/jobs/99f8329d-e9cf-4748-941b-2aed3776407d "HTTP/1.1 200 OK"
INFO:httpx:HTTP Request: GET http://api:8000/api/jobs/99f8329d-e9cf-4748-941b-2aed3776407d "HTTP/1.1 200 OK"
INFO:httpx:HTTP Request: GET http://api:8000/api/jobs/99f8329d-e9cf-4748-941b-2aed3776407d "HTTP/1.1 200 OK"
INFO:httpx:HTTP Request: GET http://api:8000/api/jobs/99f8329d-e9cf-4748-941b-2aed3776407d "HTTP/1.1 200 OK"
INFO:httpx:HTTP Request: GET http://api:8000/api/jobs/99f8329d-e9cf-4748-941b-2aed3776407d "HTTP/1.1 200 OK"
INFO:httpx:HTTP Request: GET http://api:8000/api/jobs/99f8329d-e9cf-4748-941b-2aed3776407d "HTTP/1.1 200 OK"
INFO:httpx:HTTP Request: GET http://api:8000/api/jobs/99f8329d-e9cf-4748-941b-2aed3776407d "HTTP/1.1 200 OK"
INFO:httpx:HTTP Request: GET http://api:8000/api/jobs/99f8329d-e9cf-4748-941b-2aed3776407d "HTTP/1.1 200 OK"
INFO:httpx:HTTP Request: GET http://api:8000/api/jobs/99f8329d-e9cf-4748-941b-2aed3776407d "HTTP/1.1 200 OK"
INFO:httpx:HTTP Request: GET http://api:8000/api/jobs/99f8329d-e9cf-4748-941b-2aed3776407d "HTTP/1.1 200 OK"
INFO:httpx:HTTP Request: GET http://api:8000/api/jobs/99f8329d-e9cf-4748-941b-2aed3776407d "HTTP/1.1 200 OK"
INFO:httpx:HTTP Request: GET http://api:8000/api/jobs/99f8329d-e9cf-4748-941b-2aed3776407d "HTTP/1.1 200 OK"
INFO:httpx:HTTP Request: GET http://api:8000/api/jobs/99f8329d-e9cf-4748-941b-2aed3776407d "HTTP/1.1 200 OK"
INFO:httpx:HTTP Request: GET http://api:8000/api/jobs/99f8329d-e9cf-4748-941b-2aed3776407d "HTTP/1.1 200 OK"
INFO:httpx:HTTP Request: GET http://api:8000/api/jobs/99f8329d-e9cf-4748-941b-2aed3776407d "HTTP/1.1 200 OK"
INFO:httpx:HTTP Request: GET http://api:8000/api/jobs/99f8329d-e9cf-4748-941b-2aed3776407d "HTTP/1.1 200 OK"
INFO:httpx:HTTP Request: GET http://api:8000/api/jobs/99f8329d-e9cf-4748-941b-2aed3776407d "HTTP/1.1 200 OK"
INFO:httpx:HTTP Request: GET http://api:8000/api/jobs/99f8329d-e9cf-4748-941b-2aed3776407d "HTTP/1.1 200 OK"
INFO:httpx:HTTP Request: GET http://api:8000/api/jobs/99f8329d-e9cf-4748-941b-2aed3776407d "HTTP/1.1 200 OK"
INFO:httpx:HTTP Request: GET http://api:8000/api/jobs/99f8329d-e9cf-4748-941b-2aed3776407d "HTTP/1.1 200 OK"
INFO:httpx:HTTP Request: GET http://api:8000/api/jobs/99f8329d-e9cf-4748-941b-2aed3776407d "HTTP/1.1 200 OK"
INFO:httpx:HTTP Request: GET http://api:8000/api/jobs/99f8329d-e9cf-4748-941b-2aed3776407d "HTTP/1.1 200 OK"
INFO:httpx:HTTP Request: GET http://api:8000/api/jobs/99f8329d-e9cf-4748-941b-2aed3776407d "HTTP/1.1 200 OK"
INFO:httpx:HTTP Request: GET http://api:8000/api/jobs/99f8329d-e9cf-4748-941b-2aed3776407d "HTTP/1.1 200 OK"
INFO:httpx:HTTP Request: GET http://api:8000/api/jobs/99f8329d-e9cf-4748-941b-2aed3776407d "HTTP/1.1 200 OK"
INFO:httpx:HTTP Request: GET http://api:8000/api/jobs/99f8329d-e9cf-4748-941b-2aed3776407d "HTTP/1.1 200 OK"
INFO:httpx:HTTP Request: GET http://api:8000/api/jobs/99f8329d-e9cf-4748-941b-2aed3776407d "HTTP/1.1 200 OK"
INFO:httpx:HTTP Request: GET http://api:8000/api/jobs/99f8329d-e9cf-4748-941b-2aed3776407d "HTTP/1.1 200 OK"
INFO:httpx:HTTP Request: GET http://api:8000/api/jobs/99f8329d-e9cf-4748-941b-2aed3776407d "HTTP/1.1 200 OK"
INFO:httpx:HTTP Request: GET http://api:8000/api/jobs/99f8329d-e9cf-4748-941b-2aed3776407d "HTTP/1.1 200 OK"
INFO:httpx:HTTP Request: GET http://api:8000/api/jobs/99f8329d-e9cf-4748-941b-2aed3776407d "HTTP/1.1 200 OK"
INFO:httpx:HTTP Request: GET http://api:8000/api/jobs/99f8329d-e9cf-4748-941b-2aed3776407d "HTTP/1.1 200 OK"
INFO:httpx:HTTP Request: GET http://api:8000/api/jobs/99f8329d-e9cf-4748-941b-2aed3776407d "HTTP/1.1 200 OK"
INFO:httpx:HTTP Request: GET http://api:8000/api/jobs/99f8329d-e9cf-4748-941b-2aed3776407d "HTTP/1.1 200 OK"
INFO:httpx:HTTP Request: GET http://api:8000/api/jobs/99f8329d-e9cf-4748-941b-2aed3776407d "HTTP/1.1 200 OK"
INFO:httpx:HTTP Request: GET http://api:8000/api/jobs/99f8329d-e9cf-4748-941b-2aed3776407d "HTTP/1.1 200 OK"
INFO:httpx:HTTP Request: GET http://api:8000/api/jobs/99f8329d-e9cf-4748-941b-2aed3776407d "HTTP/1.1 200 OK"
INFO:httpx:HTTP Request: GET http://api:8000/api/jobs/99f8329d-e9cf-4748-941b-2aed3776407d "HTTP/1.1 200 OK"
INFO:httpx:HTTP Request: GET http://api:8000/api/jobs/99f8329d-e9cf-4748-941b-2aed3776407d "HTTP/1.1 200 OK"
INFO:httpx:HTTP Request: GET http://api:8000/api/jobs/99f8329d-e9cf-4748-941b-2aed3776407d "HTTP/1.1 200 OK"
INFO:httpx:HTTP Request: GET http://api:8000/api/jobs/99f8329d-e9cf-4748-941b-2aed3776407d "HTTP/1.1 200 OK"
INFO:httpx:HTTP Request: GET http://api:8000/api/jobs/99f8329d-e9cf-4748-941b-2aed3776407d "HTTP/1.1 200 OK"
INFO:httpx:HTTP Request: GET http://api:8000/api/jobs/99f8329d-e9cf-4748-941b-2aed3776407d "HTTP/1.1 200 OK"
INFO:httpx:HTTP Request: GET http://api:8000/api/jobs/99f8329d-e9cf-4748-941b-2aed3776407d "HTTP/1.1 200 OK"
INFO:httpx:HTTP Request: GET http://api:8000/api/jobs/99f8329d-e9cf-4748-941b-2aed3776407d "HTTP/1.1 200 OK"
INFO:httpx:HTTP Request: GET http://api:8000/api/jobs/99f8329d-e9cf-4748-941b-2aed3776407d "HTTP/1.1 200 OK"
INFO:httpx:HTTP Request: GET http://api:8000/api/jobs/99f8329d-e9cf-4748-941b-2aed3776407d "HTTP/1.1 200 OK"
INFO:httpx:HTTP Request: GET http://api:8000/api/jobs/99f8329d-e9cf-4748-941b-2aed3776407d "HTTP/1.1 200 OK"
INFO:httpx:HTTP Request: GET http://api:8000/api/jobs/99f8329d-e9cf-4748-941b-2aed3776407d "HTTP/1.1 200 OK"
INFO:httpx:HTTP Request: GET http://api:8000/api/jobs/99f8329d-e9cf-4748-941b-2aed3776407d "HTTP/1.1 200 OK"
INFO:httpx:HTTP Request: GET http://api:8000/api/jobs/99f8329d-e9cf-4748-941b-2aed3776407d "HTTP/1.1 200 OK"
INFO:httpx:HTTP Request: GET http://api:8000/api/jobs/99f8329d-e9cf-4748-941b-2aed3776407d "HTTP/1.1 200 OK"
INFO:httpx:HTTP Request: GET http://api:8000/api/jobs/99f8329d-e9cf-4748-941b-2aed3776407d "HTTP/1.1 200 OK"
INFO:httpx:HTTP Request: GET http://api:8000/api/jobs/99f8329d-e9cf-4748-941b-2aed3776407d "HTTP/1.1 200 OK"
INFO:httpx:HTTP Request: GET http://api:8000/api/jobs/99f8329d-e9cf-4748-941b-2aed3776407d "HTTP/1.1 200 OK"
INFO:httpx:HTTP Request: GET http://api:8000/api/jobs/99f8329d-e9cf-4748-941b-2aed3776407d "HTTP/1.1 200 OK"
INFO:httpx:HTTP Request: GET http://api:8000/api/jobs/99f8329d-e9cf-4748-941b-2aed3776407d "HTTP/1.1 200 OK"
INFO:httpx:HTTP Request: GET http://api:8000/api/jobs/99f8329d-e9cf-4748-941b-2aed3776407d "HTTP/1.1 200 OK"
INFO:httpx:HTTP Request: GET http://api:8000/api/jobs/99f8329d-e9cf-4748-941b-2aed3776407d "HTTP/1.1 200 OK"
INFO:httpx:HTTP Request: GET http://api:8000/api/jobs/99f8329d-e9cf-4748-941b-2aed3776407d "HTTP/1.1 200 OK"
INFO:httpx:HTTP Request: GET http://api:8000/api/jobs/99f8329d-e9cf-4748-941b-2aed3776407d "HTTP/1.1 200 OK"
INFO:httpx:HTTP Request: GET http://api:8000/api/jobs/99f8329d-e9cf-4748-941b-2aed3776407d "HTTP/1.1 200 OK"
INFO:httpx:HTTP Request: GET http://api:8000/api/jobs/99f8329d-e9cf-4748-941b-2aed3776407d "HTTP/1.1 200 OK"
INFO:httpx:HTTP Request: GET http://api:8000/api/jobs/99f8329d-e9cf-4748-941b-2aed3776407d "HTTP/1.1 200 OK"
INFO:httpx:HTTP Request: GET http://api:8000/api/jobs/99f8329d-e9cf-4748-941b-2aed3776407d "HTTP/1.1 200 OK"
INFO:httpx:HTTP Request: GET http://api:8000/api/jobs/99f8329d-e9cf-4748-941b-2aed3776407d "HTTP/1.1 200 OK"
INFO:httpx:HTTP Request: GET http://api:8000/api/jobs/99f8329d-e9cf-4748-941b-2aed3776407d "HTTP/1.1 200 OK"
INFO:httpx:HTTP Request: GET http://api:8000/api/jobs/99f8329d-e9cf-4748-941b-2aed3776407d "HTTP/1.1 200 OK"
INFO:httpx:HTTP Request: GET http://api:8000/api/jobs/99f8329d-e9cf-4748-941b-2aed3776407d "HTTP/1.1 200 OK"
INFO:httpx:HTTP Request: GET http://api:8000/api/jobs/99f8329d-e9cf-4748-941b-2aed3776407d "HTTP/1.1 200 OK"
INFO:httpx:HTTP Request: GET http://api:8000/api/jobs/99f8329d-e9cf-4748-941b-2aed3776407d "HTTP/1.1 200 OK"
INFO:httpx:HTTP Request: GET http://api:8000/api/jobs/99f8329d-e9cf-4748-941b-2aed3776407d "HTTP/1.1 200 OK"
INFO:httpx:HTTP Request: GET http://api:8000/api/jobs/99f8329d-e9cf-4748-941b-2aed3776407d "HTTP/1.1 200 OK"
INFO:httpx:HTTP Request: GET http://api:8000/api/jobs/99f8329d-e9cf-4748-941b-2aed3776407d "HTTP/1.1 200 OK"
INFO:httpx:HTTP Request: GET http://api:8000/api/jobs/99f8329d-e9cf-4748-941b-2aed3776407d "HTTP/1.1 200 OK"
INFO:httpx:HTTP Request: GET http://api:8000/api/jobs/99f8329d-e9cf-4748-941b-2aed3776407d "HTTP/1.1 200 OK"
INFO:httpx:HTTP Request: GET http://api:8000/api/jobs/99f8329d-e9cf-4748-941b-2aed3776407d "HTTP/1.1 200 OK"
INFO:httpx:HTTP Request: GET http://api:8000/api/jobs/99f8329d-e9cf-4748-941b-2aed3776407d "HTTP/1.1 200 OK"
INFO:httpx:HTTP Request: GET http://api:8000/api/jobs/99f8329d-e9cf-4748-941b-2aed3776407d "HTTP/1.1 200 OK"
INFO:httpx:HTTP Request: GET http://api:8000/api/jobs/99f8329d-e9cf-4748-941b-2aed3776407d "HTTP/1.1 200 OK"
INFO:httpx:HTTP Request: GET http://api:8000/api/jobs/99f8329d-e9cf-4748-941b-2aed3776407d "HTTP/1.1 200 OK"
INFO:httpx:HTTP Request: GET http://api:8000/api/jobs/99f8329d-e9cf-4748-941b-2aed3776407d "HTTP/1.1 200 OK"
INFO:httpx:HTTP Request: GET http://api:8000/api/jobs/99f8329d-e9cf-4748-941b-2aed3776407d "HTTP/1.1 200 OK"
INFO:httpx:HTTP Request: GET http://api:8000/api/jobs/99f8329d-e9cf-4748-941b-2aed3776407d "HTTP/1.1 200 OK"
INFO:httpx:HTTP Request: GET http://api:8000/api/jobs/99f8329d-e9cf-4748-941b-2aed3776407d "HTTP/1.1 200 OK"
INFO:httpx:HTTP Request: GET http://api:8000/api/jobs/99f8329d-e9cf-4748-941b-2aed3776407d "HTTP/1.1 200 OK"
INFO:httpx:HTTP Request: GET http://api:8000/api/jobs/99f8329d-e9cf-4748-941b-2aed3776407d "HTTP/1.1 200 OK"
INFO:httpx:HTTP Request: POST http://api:8000/api/ingest/upload "HTTP/1.1 201 Created"
INFO:httpx:HTTP Request: POST http://api:8000/api/ingest/preview/7615c31b-c69f-4e70-8e2e-be6c9e62e877 "HTTP/1.1 200 OK"
INFO:httpx:HTTP Request: POST http://api:8000/api/ingest/commit/7615c31b-c69f-4e70-8e2e-be6c9e62e877 "HTTP/1.1 202 Accepted"
INFO:httpx:HTTP Request: GET http://api:8000/api/jobs/7615c31b-c69f-4e70-8e2e-be6c9e62e877 "HTTP/1.1 200 OK"
INFO:httpx:HTTP Request: GET http://api:8000/api/jobs/7615c31b-c69f-4e70-8e2e-be6c9e62e877 "HTTP/1.1 200 OK"
INFO:httpx:HTTP Request: PATCH http://api:8000/api/datasets/1c5e98e0-1dd5-40d8-ac5a-a34582c7174d "HTTP/1.1 200 OK"
INFO:httpx:HTTP Request: POST http://api:8000/api/ingest/upload "HTTP/1.1 201 Created"
INFO:httpx:HTTP Request: POST http://api:8000/api/ingest/preview/ca396dc3-60b6-47b2-a87c-cab64ac154a9 "HTTP/1.1 200 OK"
INFO:httpx:HTTP Request: POST http://api:8000/api/ingest/commit/ca396dc3-60b6-47b2-a87c-cab64ac154a9 "HTTP/1.1 202 Accepted"
INFO:httpx:HTTP Request: GET http://api:8000/api/jobs/ca396dc3-60b6-47b2-a87c-cab64ac154a9 "HTTP/1.1 200 OK"
INFO:httpx:HTTP Request: GET http://api:8000/api/jobs/ca396dc3-60b6-47b2-a87c-cab64ac154a9 "HTTP/1.1 200 OK"
INFO:httpx:HTTP Request: GET http://api:8000/api/jobs/ca396dc3-60b6-47b2-a87c-cab64ac154a9 "HTTP/1.1 200 OK"
INFO:httpx:HTTP Request: PATCH http://api:8000/api/datasets/b6625e3c-7565-4fd5-b4f8-7f70b04e13ae "HTTP/1.1 200 OK"
INFO:httpx:HTTP Request: GET http://api:8000/api/datasets/?limit=200&skip=0 "HTTP/1.1 200 OK"
INFO:httpx:HTTP Request: POST http://api:8000/api/catalog/collections/ "HTTP/1.1 201 Created"
INFO:httpx:HTTP Request: POST http://api:8000/api/catalog/collections/038ea941-7c4b-44b7-942e-149723285736/datasets/ "HTTP/1.1 200 OK"
ERROR:seed-thematic-demo:FAILED fixture [When the Land Speaks → 1-grand-canyon.json]: "[Theme: When the Land Speaks] Dataset 'grand_canyon_dem.tif' not in catalog. Did the ingest step for this theme fail? Sample of 2 available datasets: ['nyc_pluto_zoning.geojson', 'pop_density_tracts.geojson']..."
Traceback (most recent call last):
  File "/scripts/demo/seed-thematic-demo.py", line 349, in apply_theme_fixtures
    map_id = await apply_fixture(
             ^^^^^^^^^^^^^^^^^^^^
    ...<6 lines>...
    )
    ^
  File "/scripts/demo/lib/apply_fixture.py", line 104, in apply_fixture
    resolved = resolve_fixture(fixture, existing)
  File "/scripts/demo/lib/fixture_schema.py", line 261, in resolve_fixture
    raise KeyError(
    ...<3 lines>...
    )
KeyError: "[Theme: When the Land Speaks] Dataset 'grand_canyon_dem.tif' not in catalog. Did the ingest step for this theme fail? Sample of 2 available datasets: ['nyc_pluto_zoning.geojson', 'pop_density_tracts.geojson']..."
INFO:httpx:HTTP Request: GET http://api:8000/api/maps/?limit=100 "HTTP/1.1 200 OK"
INFO:httpx:HTTP Request: POST http://api:8000/api/maps/ "HTTP/1.1 201 Created"
INFO:httpx:HTTP Request: PUT http://api:8000/api/maps/0828f41e-a622-4b74-a342-a9b50cd3cdf9 "HTTP/1.1 200 OK"
INFO:httpx:HTTP Request: GET http://api:8000/api/maps/?limit=100 "HTTP/1.1 200 OK"
INFO:httpx:HTTP Request: POST http://api:8000/api/maps/ "HTTP/1.1 201 Created"
INFO:httpx:HTTP Request: PUT http://api:8000/api/maps/4289dfcc-b82f-49ed-8138-12f2b1b2e681 "HTTP/1.1 200 OK"
INFO:httpx:HTTP Request: POST http://api:8000/api/ingest/upload "HTTP/1.1 201 Created"
INFO:httpx:HTTP Request: POST http://api:8000/api/ingest/preview/f7790311-9f48-4c6b-9cca-4dc2f4a8bc75 "HTTP/1.1 200 OK"
INFO:httpx:HTTP Request: POST http://api:8000/api/ingest/commit/f7790311-9f48-4c6b-9cca-4dc2f4a8bc75 "HTTP/1.1 202 Accepted"
INFO:httpx:HTTP Request: GET http://api:8000/api/jobs/f7790311-9f48-4c6b-9cca-4dc2f4a8bc75 "HTTP/1.1 200 OK"
INFO:httpx:HTTP Request: GET http://api:8000/api/jobs/f7790311-9f48-4c6b-9cca-4dc2f4a8bc75 "HTTP/1.1 200 OK"
INFO:httpx:HTTP Request: GET http://api:8000/api/jobs/f7790311-9f48-4c6b-9cca-4dc2f4a8bc75 "HTTP/1.1 200 OK"
INFO:httpx:HTTP Request: GET http://api:8000/api/jobs/f7790311-9f48-4c6b-9cca-4dc2f4a8bc75 "HTTP/1.1 200 OK"
INFO:httpx:HTTP Request: GET http://api:8000/api/jobs/f7790311-9f48-4c6b-9cca-4dc2f4a8bc75 "HTTP/1.1 200 OK"
INFO:httpx:HTTP Request: GET http://api:8000/api/jobs/f7790311-9f48-4c6b-9cca-4dc2f4a8bc75 "HTTP/1.1 200 OK"
INFO:httpx:HTTP Request: GET http://api:8000/api/jobs/f7790311-9f48-4c6b-9cca-4dc2f4a8bc75 "HTTP/1.1 200 OK"
INFO:httpx:HTTP Request: GET http://api:8000/api/jobs/f7790311-9f48-4c6b-9cca-4dc2f4a8bc75 "HTTP/1.1 200 OK"
INFO:httpx:HTTP Request: GET http://api:8000/api/jobs/f7790311-9f48-4c6b-9cca-4dc2f4a8bc75 "HTTP/1.1 200 OK"
INFO:httpx:HTTP Request: GET http://api:8000/api/jobs/f7790311-9f48-4c6b-9cca-4dc2f4a8bc75 "HTTP/1.1 200 OK"
INFO:httpx:HTTP Request: GET http://api:8000/api/jobs/f7790311-9f48-4c6b-9cca-4dc2f4a8bc75 "HTTP/1.1 200 OK"
INFO:httpx:HTTP Request: GET http://api:8000/api/jobs/f7790311-9f48-4c6b-9cca-4dc2f4a8bc75 "HTTP/1.1 200 OK"
INFO:httpx:HTTP Request: GET http://api:8000/api/jobs/f7790311-9f48-4c6b-9cca-4dc2f4a8bc75 "HTTP/1.1 200 OK"
INFO:httpx:HTTP Request: GET http://api:8000/api/jobs/f7790311-9f48-4c6b-9cca-4dc2f4a8bc75 "HTTP/1.1 200 OK"
INFO:httpx:HTTP Request: GET http://api:8000/api/jobs/f7790311-9f48-4c6b-9cca-4dc2f4a8bc75 "HTTP/1.1 200 OK"
INFO:httpx:HTTP Request: GET http://api:8000/api/jobs/f7790311-9f48-4c6b-9cca-4dc2f4a8bc75 "HTTP/1.1 200 OK"
INFO:httpx:HTTP Request: GET http://api:8000/api/jobs/f7790311-9f48-4c6b-9cca-4dc2f4a8bc75 "HTTP/1.1 200 OK"
INFO:httpx:HTTP Request: GET http://api:8000/api/jobs/f7790311-9f48-4c6b-9cca-4dc2f4a8bc75 "HTTP/1.1 200 OK"
INFO:httpx:HTTP Request: GET http://api:8000/api/jobs/f7790311-9f48-4c6b-9cca-4dc2f4a8bc75 "HTTP/1.1 200 OK"
INFO:httpx:HTTP Request: GET http://api:8000/api/jobs/f7790311-9f48-4c6b-9cca-4dc2f4a8bc75 "HTTP/1.1 200 OK"
INFO:httpx:HTTP Request: GET http://api:8000/api/jobs/f7790311-9f48-4c6b-9cca-4dc2f4a8bc75 "HTTP/1.1 200 OK"
INFO:httpx:HTTP Request: GET http://api:8000/api/jobs/f7790311-9f48-4c6b-9cca-4dc2f4a8bc75 "HTTP/1.1 200 OK"
INFO:httpx:HTTP Request: GET http://api:8000/api/jobs/f7790311-9f48-4c6b-9cca-4dc2f4a8bc75 "HTTP/1.1 200 OK"
INFO:httpx:HTTP Request: GET http://api:8000/api/jobs/f7790311-9f48-4c6b-9cca-4dc2f4a8bc75 "HTTP/1.1 200 OK"
INFO:httpx:HTTP Request: GET http://api:8000/api/jobs/f7790311-9f48-4c6b-9cca-4dc2f4a8bc75 "HTTP/1.1 200 OK"
INFO:httpx:HTTP Request: GET http://api:8000/api/jobs/f7790311-9f48-4c6b-9cca-4dc2f4a8bc75 "HTTP/1.1 200 OK"
INFO:httpx:HTTP Request: GET http://api:8000/api/jobs/f7790311-9f48-4c6b-9cca-4dc2f4a8bc75 "HTTP/1.1 200 OK"
INFO:httpx:HTTP Request: GET http://api:8000/api/jobs/f7790311-9f48-4c6b-9cca-4dc2f4a8bc75 "HTTP/1.1 200 OK"
INFO:httpx:HTTP Request: GET http://api:8000/api/jobs/f7790311-9f48-4c6b-9cca-4dc2f4a8bc75 "HTTP/1.1 200 OK"
INFO:httpx:HTTP Request: GET http://api:8000/api/jobs/f7790311-9f48-4c6b-9cca-4dc2f4a8bc75 "HTTP/1.1 200 OK"
INFO:httpx:HTTP Request: GET http://api:8000/api/jobs/f7790311-9f48-4c6b-9cca-4dc2f4a8bc75 "HTTP/1.1 200 OK"
INFO:httpx:HTTP Request: GET http://api:8000/api/jobs/f7790311-9f48-4c6b-9cca-4dc2f4a8bc75 "HTTP/1.1 200 OK"
INFO:httpx:HTTP Request: GET http://api:8000/api/jobs/f7790311-9f48-4c6b-9cca-4dc2f4a8bc75 "HTTP/1.1 200 OK"
INFO:httpx:HTTP Request: GET http://api:8000/api/jobs/f7790311-9f48-4c6b-9cca-4dc2f4a8bc75 "HTTP/1.1 200 OK"
INFO:httpx:HTTP Request: GET http://api:8000/api/jobs/f7790311-9f48-4c6b-9cca-4dc2f4a8bc75 "HTTP/1.1 200 OK"
INFO:httpx:HTTP Request: GET http://api:8000/api/jobs/f7790311-9f48-4c6b-9cca-4dc2f4a8bc75 "HTTP/1.1 200 OK"
INFO:httpx:HTTP Request: GET http://api:8000/api/jobs/f7790311-9f48-4c6b-9cca-4dc2f4a8bc75 "HTTP/1.1 200 OK"
INFO:httpx:HTTP Request: GET http://api:8000/api/jobs/f7790311-9f48-4c6b-9cca-4dc2f4a8bc75 "HTTP/1.1 200 OK"
INFO:httpx:HTTP Request: GET http://api:8000/api/jobs/f7790311-9f48-4c6b-9cca-4dc2f4a8bc75 "HTTP/1.1 200 OK"
INFO:httpx:HTTP Request: GET http://api:8000/api/jobs/f7790311-9f48-4c6b-9cca-4dc2f4a8bc75 "HTTP/1.1 200 OK"
INFO:httpx:HTTP Request: GET http://api:8000/api/jobs/f7790311-9f48-4c6b-9cca-4dc2f4a8bc75 "HTTP/1.1 200 OK"
INFO:httpx:HTTP Request: GET http://api:8000/api/jobs/f7790311-9f48-4c6b-9cca-4dc2f4a8bc75 "HTTP/1.1 200 OK"
INFO:httpx:HTTP Request: GET http://api:8000/api/jobs/f7790311-9f48-4c6b-9cca-4dc2f4a8bc75 "HTTP/1.1 200 OK"
INFO:httpx:HTTP Request: GET http://api:8000/api/jobs/f7790311-9f48-4c6b-9cca-4dc2f4a8bc75 "HTTP/1.1 200 OK"
INFO:httpx:HTTP Request: GET http://api:8000/api/jobs/f7790311-9f48-4c6b-9cca-4dc2f4a8bc75 "HTTP/1.1 200 OK"
INFO:httpx:HTTP Request: GET http://api:8000/api/jobs/f7790311-9f48-4c6b-9cca-4dc2f4a8bc75 "HTTP/1.1 200 OK"
INFO:httpx:HTTP Request: GET http://api:8000/api/jobs/f7790311-9f48-4c6b-9cca-4dc2f4a8bc75 "HTTP/1.1 200 OK"
INFO:httpx:HTTP Request: GET http://api:8000/api/jobs/f7790311-9f48-4c6b-9cca-4dc2f4a8bc75 "HTTP/1.1 200 OK"
INFO:httpx:HTTP Request: GET http://api:8000/api/jobs/f7790311-9f48-4c6b-9cca-4dc2f4a8bc75 "HTTP/1.1 200 OK"
INFO:httpx:HTTP Request: GET http://api:8000/api/jobs/f7790311-9f48-4c6b-9cca-4dc2f4a8bc75 "HTTP/1.1 200 OK"
INFO:httpx:HTTP Request: GET http://api:8000/api/jobs/f7790311-9f48-4c6b-9cca-4dc2f4a8bc75 "HTTP/1.1 200 OK"
INFO:httpx:HTTP Request: GET http://api:8000/api/jobs/f7790311-9f48-4c6b-9cca-4dc2f4a8bc75 "HTTP/1.1 200 OK"
INFO:httpx:HTTP Request: GET http://api:8000/api/jobs/f7790311-9f48-4c6b-9cca-4dc2f4a8bc75 "HTTP/1.1 200 OK"
INFO:httpx:HTTP Request: GET http://api:8000/api/jobs/f7790311-9f48-4c6b-9cca-4dc2f4a8bc75 "HTTP/1.1 200 OK"
INFO:httpx:HTTP Request: GET http://api:8000/api/jobs/f7790311-9f48-4c6b-9cca-4dc2f4a8bc75 "HTTP/1.1 200 OK"
INFO:httpx:HTTP Request: GET http://api:8000/api/jobs/f7790311-9f48-4c6b-9cca-4dc2f4a8bc75 "HTTP/1.1 200 OK"
INFO:httpx:HTTP Request: GET http://api:8000/api/jobs/f7790311-9f48-4c6b-9cca-4dc2f4a8bc75 "HTTP/1.1 200 OK"
INFO:httpx:HTTP Request: GET http://api:8000/api/jobs/f7790311-9f48-4c6b-9cca-4dc2f4a8bc75 "HTTP/1.1 200 OK"
INFO:httpx:HTTP Request: GET http://api:8000/api/jobs/f7790311-9f48-4c6b-9cca-4dc2f4a8bc75 "HTTP/1.1 200 OK"
